
 Ansys Mechanical Enterprise Academic Student      


 *------------------------------------------------------------------*
 |                                                                  |
 |   W E L C O M E   T O   T H E   A N S Y S (R)  P R O G R A M     |
 |                                                                  |
 *------------------------------------------------------------------*




 ***************************************************************
 *         ANSYS MAPDL 2025 R2          LEGAL NOTICES          *
 ***************************************************************
 *                                                             *
 * Copyright 1971-2025 Ansys, Inc.  All rights reserved.       *
 * Unauthorized use, distribution or duplication is            *
 * prohibited.                                                 *
 *                                                             *
 * Ansys is a registered trademark of Ansys, Inc. or its       *
 * subsidiaries in the United States or other countries.       *
 * See the Ansys, Inc. online documentation or the Ansys, Inc. *
 * documentation CD or online help for the complete Legal      *
 * Notice.                                                     *
 *                                                             *
 ***************************************************************
 *                                                             *
 * THIS ANSYS SOFTWARE PRODUCT AND PROGRAM DOCUMENTATION       *
 * INCLUDE TRADE SECRETS AND CONFIDENTIAL AND PROPRIETARY      *
 * PRODUCTS OF ANSYS, INC., ITS SUBSIDIARIES, OR LICENSORS.    *
 * The software products and documentation are furnished by    *
 * Ansys, Inc. or its subsidiaries under a software license    *
 * agreement that contains provisions concerning               *
 * non-disclosure, copying, length and nature of use,          *
 * compliance with exporting laws, warranties, disclaimers,    *
 * limitations of liability, and remedies, and other           *
 * provisions.  The software products and documentation may be *
 * used, disclosed, transferred, or copied only in accordance  *
 * with the terms and conditions of that software license      *
 * agreement.                                                  *
 *                                                             *
 * Ansys, Inc. is a UL registered                              *
 * ISO 9001:2015 company.                                      *
 *                                                             *
 ***************************************************************
 *                                                             *
 * This product is subject to U.S. laws governing export and   *
 * re-export.                                                  *
 *                                                             *
 * For U.S. Government users, except as specifically granted   *
 * by the Ansys, Inc. software license agreement, the use,     *
 * duplication, or disclosure by the United States Government  *
 * is subject to restrictions stated in the Ansys, Inc.        *
 * software license agreement and FAR 12.212 (for non-DOD      *
 * licenses).                                                  *
 *                                                             *
 ***************************************************************

 2025 R2 
     
 Point Releases and Patches installed:   
     
 Discovery 2025 R2   
 Core WB Files 2025 R2   
 optiSLang 2025 R2   
 CFX (includes CFD-Post) 2025 R2 
 Chemkin 2025 R2 
 EnSight 2025 R2 
 FENSAP-ICE 2025 R2  
 Fluent (includes CFD-Post) 2025 R2  
 Polyflow (includes CFD-Post) 2025 R2
 Forte (includes EnSight) 2025 R2
 Rocky 2025 R2   
 TurboGrid 2025 R2   
 ACIS Geometry Interface 2025 R2 
 AutoCAD Geometry Interface 2025 R2  
 Catia, Version 4 Geometry Interface 2025 R2 
 Catia, Version 5 Geometry Interface 2025 R2 
 Catia, Version 6 Geometry Interface 2025 R2 
 Creo Elements/Direct Modeling Geometry Interface 2025 R2
 Creo Parametric Geometry Interface 2025 R2  
 Inventor Geometry Interface 2025 R2 
 JTOpen Geometry Interface 2025 R2   
 NX Geometry Interface 2025 R2   
 Parasolid Geometry Interface  2025 R2   
 Solid Edge Geometry Interface 2025 R2   
 SOLIDWORKS Geometry Interface 2025 R2   
 Speos 2025 R2   
 SpaceClaim 2025 R2  
 Speos RPC 2025 R2   
 Zemax OpticStudio 2025 R2   
 Dynamic Reporting 2025 R2   
 Aqwa 2025 R2
 Autodyn 2025 R2 
 Material Calibration App 2025 R2
 Mechanical Products 2025 R2 
 Motion 2025 R2  
 Academic Student 2025 R2


          *****  MAPDL COMMAND LINE ARGUMENTS  *****
  BATCH MODE REQUESTED (-b)    = NOLIST
  INPUT FILE COPY MODE (-c)    = COPY
  DISTRIBUTED MEMORY PARALLEL REQUESTED
       4 PARALLEL PROCESSES REQUESTED WITH SINGLE THREAD PER PROCESS
    TOTAL OF     4 CORES REQUESTED
  INPUT FILE NAME              = D:\university\Mechatronics Applications and Recent Directions\project\mahmoud project\_ProjectScratch\ScrE9CB\dummy.dat
  OUTPUT FILE NAME             = D:\university\Mechatronics Applications and Recent Directions\project\mahmoud project\_ProjectScratch\ScrE9CB\solve.out
  START-UP FILE MODE           = NOREAD
  STOP FILE MODE               = NOREAD

 RELEASE= 2025 R2              BUILD= 25.2      UP20250519   VERSION=WINDOWS x64 
 CURRENT JOBNAME=file0  16:01:27  DEC 26, 2025 CP=      0.156


 PARAMETER _DS_PROGRESS =     999.0000000    

 /INPUT FILE= ds.dat  LINE=       0



 *** NOTE ***                            CP =       0.531   TIME= 16:01:27
 The /CONFIG,NOELDB command is not valid in a distributed memory         
 parallel solution.  Command is ignored.                                 

 *GET  _WALLSTRT  FROM  ACTI  ITEM=TIME WALL  VALUE=  16.0241667    

 TITLE= 
 project--Static Structural (A5)                                               

  ACT Extensions:
      PiezoAndMEMS, 2020.1
      0cd64874-101b-4182-aef8-530cf9982bb6, wbex
 /COM,     LSDYNA, 2025.2
      5f463412-bd3e-484b-87e7-cbc0a665e474, wbex
 /COM,     ANSYSMotion, 2025.2
      20180725-3f81-49eb-9f31-41364844c769, wbex
  

 SET PARAMETER DIMENSIONS ON  _WB_PROJECTSCRATCH_DIR
  TYPE=STRI  DIMENSIONS=      248        1        1

 PARAMETER _WB_PROJECTSCRATCH_DIR(1) = D:\university\Mechatronics Applications and Recent Directions\project\mahmoud project\_ProjectScratch\ScrE9CB\

 SET PARAMETER DIMENSIONS ON  _WB_SOLVERFILES_DIR
  TYPE=STRI  DIMENSIONS=      248        1        1

 PARAMETER _WB_SOLVERFILES_DIR(1) = D:\university\Mechatronics Applications and Recent Directions\project\mahmoud project\project_files\dp0\SYS\MECH\

 SET PARAMETER DIMENSIONS ON  _WB_USERFILES_DIR
  TYPE=STRI  DIMENSIONS=      248        1        1

 PARAMETER _WB_USERFILES_DIR(1) = D:\university\Mechatronics Applications and Recent Directions\project\mahmoud project\project_files\user_files\
 --- Data in consistent MKS units. See Solving Units in the help system for more

 MKS UNITS SPECIFIED FOR INTERNAL    
  LENGTH        (l)  = METER (M)
  MASS          (M)  = KILOGRAM (KG)
  TIME          (t)  = SECOND (SEC)
  TEMPERATURE   (T)  = CELSIUS (C)
  TOFFSET            = 273.0
  CHARGE        (Q)  = COULOMB
  FORCE         (f)  = NEWTON (N) (KG-M/SEC2)
  HEAT               = JOULE (N-M)

  PRESSURE           = PASCAL (NEWTON/M**2)
  ENERGY        (W)  = JOULE (N-M)
  POWER         (P)  = WATT (N-M/SEC)
  CURRENT       (i)  = AMPERE (COULOMBS/SEC)
  CAPACITANCE   (C)  = FARAD
  INDUCTANCE    (L)  = HENRY
  MAGNETIC FLUX      = WEBER
  RESISTANCE    (R)  = OHM
  ELECTRIC POTENTIAL = VOLT

 INPUT  UNITS ARE ALSO SET TO MKS 

 *** MAPDL - ENGINEERING ANALYSIS SYSTEM  RELEASE 2025 R2          25.2     ***
 Ansys Mechanical Enterprise Academic Student      
 01055371  VERSION=WINDOWS x64   16:01:27  DEC 26, 2025 CP=      0.562

 project--Static Structural (A5)                                               



          ***** MAPDL ANALYSIS DEFINITION (PREP7) *****
 *********** Send User Defined Coordinate System(s) ***********
 *********** Nodes for the whole assembly ***********
 *********** Elements for Body 1 'beam:1|Solid1' ***********
 *********** Elements for Body 2 'bot:1|Solid1' ***********
 *********** Elements for Body 3 'top:1|Solid1' ***********
 *********** Set Reference Temperature ***********
 *********** Send Materials ***********
 *********** Create Contact "Contact Region" ***********
             Real Constant Set For Above Contact Is 5 & 4
 *********** Create Contact "Contact Region 2" ***********
             Real Constant Set For Above Contact Is 7 & 6
 *********** Fixed Supports ***********
 ******* Constant Zero Displacement X *******
 ******* Constant Zero Displacement Z *******


 ***** ROUTINE COMPLETED *****  CP =         0.797


 --- Number of total nodes = 24033
 --- Number of contact elements = 2236
 --- Number of spring elements = 0
 --- Number of bearing elements = 0
 --- Number of solid elements = 9221
 --- Number of condensed parts = 0
 --- Number of total elements = 11457

 *GET  _WALLBSOL  FROM  ACTI  ITEM=TIME WALL  VALUE=  16.0241667    
 ****************************************************************************
 *************************    SOLUTION       ********************************
 ****************************************************************************

 *****  MAPDL SOLUTION ROUTINE  *****


 PERFORM A STATIC ANALYSIS
  THIS WILL BE A NEW ANALYSIS

 PARAMETER _THICKRATIO =     0.000000000    

 USE SPARSE MATRIX DIRECT SOLVER

 CONTACT INFORMATION PRINTOUT LEVEL       1

 DO NOT COMBINE ELEMENT MATRIX FILES (.emat) AFTER DISTRIBUTED PARALLEL SOLUTION

 DO NOT COMBINE ELEMENT SAVE DATA FILES (.esav) AFTER DISTRIBUTED PARALLEL SOLUTION

 NLDIAG: Nonlinear diagnostics CONT option is set to ON. 
         Writing frequency : each ITERATION.

 DO NOT SAVE ANY RESTART FILES AT ALL
 ****************************************************
 ******************* SOLVE FOR LS 1 OF 1 ****************

 PRINTOUT RESUMED BY /GOP

 USE       1 SUBSTEPS INITIALLY THIS LOAD STEP FOR ALL  DEGREES OF FREEDOM
 FOR AUTOMATIC TIME STEPPING:
   USE      1 SUBSTEPS AS A MAXIMUM
   USE      1 SUBSTEPS AS A MINIMUM

 TIME=  1.0000    

 ERASE THE CURRENT DATABASE OUTPUT CONTROL TABLE.


 WRITE ALL  ITEMS TO THE DATABASE WITH A FREQUENCY OF NONE
   FOR ALL APPLICABLE ENTITIES

 WRITE NSOL ITEMS TO THE DATABASE WITH A FREQUENCY OF ALL 
   FOR ALL APPLICABLE ENTITIES

 WRITE RSOL ITEMS TO THE DATABASE WITH A FREQUENCY OF ALL 
   FOR ALL APPLICABLE ENTITIES

 WRITE EANG ITEMS TO THE DATABASE WITH A FREQUENCY OF ALL 
   FOR ALL APPLICABLE ENTITIES

 WRITE ETMP ITEMS TO THE DATABASE WITH A FREQUENCY OF ALL 
   FOR ALL APPLICABLE ENTITIES

 WRITE VENG ITEMS TO THE DATABASE WITH A FREQUENCY OF ALL 
   FOR ALL APPLICABLE ENTITIES

 WRITE STRS ITEMS TO THE DATABASE WITH A FREQUENCY OF ALL 
   FOR ALL APPLICABLE ENTITIES

 WRITE EPEL ITEMS TO THE DATABASE WITH A FREQUENCY OF ALL 
   FOR ALL APPLICABLE ENTITIES

 WRITE EPPL ITEMS TO THE DATABASE WITH A FREQUENCY OF ALL 
   FOR ALL APPLICABLE ENTITIES

 WRITE CONT ITEMS TO THE DATABASE WITH A FREQUENCY OF ALL 
   FOR ALL APPLICABLE ENTITIES
  
 ***********  Electrostatic-Structural Body1 ***********
  
 CMBLOCK read of NODE component ELECTROELASTIC BODY1                                                                                                                                                                                                                                              completed

 FINISH SOLUTION PROCESSING


 ***** ROUTINE COMPLETED *****  CP =         0.812



 *** MAPDL - ENGINEERING ANALYSIS SYSTEM  RELEASE 2025 R2          25.2     ***
 Ansys Mechanical Enterprise Academic Student      
 01055371  VERSION=WINDOWS x64   16:01:27  DEC 26, 2025 CP=      0.812

 project--Static Structural (A5)                                               



          ***** MAPDL ANALYSIS DEFINITION (PREP7) *****

 SELECT      COMPONENT ELECTROELASTIC BODY1                                                                                                                                                                                                                                            

 SELECT      ONLY ELEMENTS COMPLETELY CONTAINED WITHIN NODE SET.

       5638 ELEMENTS (OF      11457  DEFINED) SELECTED FROM
    10207 SELECTED NODES BY  ESLN COMMAND.

 RESELECT     FOR ITEM=ENAM COMPONENT=    
  IN RANGE       185 TO        185 STEP          1

          0  ELEMENTS (OF      11457  DEFINED) SELECTED BY  ESEL  COMMAND.

 *GET  INUM185   FROM  ELEM  ITEM=COUN           VALUE=  0.00000000    

 *IF  iNum185  ( =   0.00000     )  GT  
      0  ( =   0.00000     )  THEN    

 *ENDIF

 SELECT      COMPONENT ELECTROELASTIC BODY1                                                                                                                                                                                                                                            

 SELECT      ONLY ELEMENTS COMPLETELY CONTAINED WITHIN NODE SET.

       5638 ELEMENTS (OF      11457  DEFINED) SELECTED FROM
    10207 SELECTED NODES BY  ESLN COMMAND.

 RESELECT     FOR ITEM=ENAM COMPONENT=    
  IN RANGE       186 TO        186 STEP          1

          0  ELEMENTS (OF      11457  DEFINED) SELECTED BY  ESEL  COMMAND.

 *GET  INUM186   FROM  ELEM  ITEM=COUN           VALUE=  0.00000000    

 *IF  iNum186  ( =   0.00000     )  GT  
      0  ( =   0.00000     )  THEN    

 *ENDIF

 SELECT      COMPONENT ELECTROELASTIC BODY1                                                                                                                                                                                                                                            

 SELECT      ONLY ELEMENTS COMPLETELY CONTAINED WITHIN NODE SET.

       5638 ELEMENTS (OF      11457  DEFINED) SELECTED FROM
    10207 SELECTED NODES BY  ESLN COMMAND.

 RESELECT     FOR ITEM=ENAM COMPONENT=    
  IN RANGE       187 TO        187 STEP          1

       4618  ELEMENTS (OF      11457  DEFINED) SELECTED BY  ESEL  COMMAND.

 *GET  INUM187   FROM  ELEM  ITEM=COUN           VALUE=  4618.00000    

 *IF  iNum187  ( =   4618.00     )  GT  
      0  ( =   0.00000     )  THEN    

 PARAMETER _ICURRENTELEM =     0.000000000    

 *DO LOOP ON PARAMETER= AR30 FROM  1.0000     TO  4618.0     BY  1.0000    

 PARAMETER _ICURRENTELEM =     4604.000000    

 MODIFY ELEMENT      4604 (IF SELECTED) TO HAVE  ESYS =     12
     ELEM    MAT   TYP   REL   SEC   ESYS         NODES
    4604   3   3      3      3   12   15352 15477 15746 15742 22808 23337 22817 22816
                                      23336 24033

 *GET  _ICURRENTETYP  FROM  ELEM      4604  ITEM=ATTR TYPE      VALUE=  3.00000000    

 ELEMENT TYPE          3 IS SOLID227     3-D 10-NODE STRU-ELECT SOLID
  KEYOPT( 1- 6)=     1001      0      0        1      0      0
  KEYOPT( 7-12)=        0      0      0        0      0      0
  KEYOPT(13-18)=        0      0      0        0      0      0

 CURRENT NODAL DOF SET IS  UX    UY    UZ    VOLT
  THREE-DIMENSIONAL MODEL

 ELEMENT TYPE       3 IS SOLID227     3-D 10-NODE STRU-ELECT SOLID
  KEYOPT( 1- 6)=     1001      0      0        1      0      0
  KEYOPT( 7-12)=        0      0      0        0      0      0
  KEYOPT(13-18)=        0      0      0        0      0      0

 CURRENT NODAL DOF SET IS  UX    UY    UZ    VOLT
  THREE-DIMENSIONAL MODEL

 *GET  _ICURRENTMAT  FROM  ELEM      4604  ITEM=ATTR MAT       VALUE=  3.00000000    

 DELETE PROPERTY  RSVX  FROM MATERIAL          3 TO          3 BY          1

 DELETE PROPERTY  RSVY  FROM MATERIAL          3 TO          3 BY          1

 DELETE PROPERTY  RSVZ  FROM MATERIAL          3 TO          3 BY          1

 DEFINE DATA TABLE  DPER  FOR MATERIAL     3

 DATA FOR  DPER  TABLE FOR MATERIAL   3
 LOC=  1  1.0000      1.0000      1.0000      0.0000      0.0000      0.0000    

 *ENDDO  INDEX= AR30                            

 *ENDIF

 SELECT      COMPONENT ELECTROELASTIC BODY1                                                                                                                                                                                                                                            

 SELECT      ONLY ELEMENTS COMPLETELY CONTAINED WITHIN NODE SET.

       5638 ELEMENTS (OF      11457  DEFINED) SELECTED FROM
    10207 SELECTED NODES BY  ESLN COMMAND.

 RESELECT     FOR ITEM=ENAM COMPONENT=    
  IN RANGE       182 TO        182 STEP          1

          0  ELEMENTS (OF      11457  DEFINED) SELECTED BY  ESEL  COMMAND.

 *GET  INUM182   FROM  ELEM  ITEM=COUN           VALUE=  0.00000000    

 *IF  iNum182  ( =   0.00000     )  GT  
      0  ( =   0.00000     )  THEN    

 *ENDIF

 SELECT      COMPONENT ELECTROELASTIC BODY1                                                                                                                                                                                                                                            

 SELECT      ONLY ELEMENTS COMPLETELY CONTAINED WITHIN NODE SET.

       5638 ELEMENTS (OF      11457  DEFINED) SELECTED FROM
    10207 SELECTED NODES BY  ESLN COMMAND.

 RESELECT     FOR ITEM=ENAM COMPONENT=    
  IN RANGE       183 TO        183 STEP          1

          0  ELEMENTS (OF      11457  DEFINED) SELECTED BY  ESEL  COMMAND.

 *GET  INUM183   FROM  ELEM  ITEM=COUN           VALUE=  0.00000000    

 *IF  iNum183  ( =   0.00000     )  GT  
      0  ( =   0.00000     )  THEN    

 *ENDIF

 EM UNITS = USER  EPZERO= 0.88540E-11


 ***** ROUTINE COMPLETED *****  CP =         2.734



 *****  MAPDL SOLUTION ROUTINE  *****

 SELECT ALL ENTITIES OF TYPE= ALL  AND BELOW

 WRITE FGRA ITEMS TO THE DATABASE WITH A FREQUENCY OF ALL 
   FOR ALL APPLICABLE ENTITIES
  
 ***********  Electrostatic-Structural Body 221 ***********
  
 CMBLOCK read of NODE component ELECTROELASTIC BODY21                                                                                                                                                                                                                                             completed

 FINISH SOLUTION PROCESSING


 ***** ROUTINE COMPLETED *****  CP =         2.734



 *** MAPDL - ENGINEERING ANALYSIS SYSTEM  RELEASE 2025 R2          25.2     ***
 Ansys Mechanical Enterprise Academic Student      
 01055371  VERSION=WINDOWS x64   16:01:30  DEC 26, 2025 CP=      2.734

 project--Static Structural (A5)                                               



          ***** MAPDL ANALYSIS DEFINITION (PREP7) *****

 SELECT      COMPONENT ELECTROELASTIC BODY21                                                                                                                                                                                                                                           

 SELECT      ONLY ELEMENTS COMPLETELY CONTAINED WITHIN NODE SET.

       1794 ELEMENTS (OF      11457  DEFINED) SELECTED FROM
     5666 SELECTED NODES BY  ESLN COMMAND.

 RESELECT     FOR ITEM=ENAM COMPONENT=    
  IN RANGE       185 TO        185 STEP          1

          0  ELEMENTS (OF      11457  DEFINED) SELECTED BY  ESEL  COMMAND.

 *GET  INUM185   FROM  ELEM  ITEM=COUN           VALUE=  0.00000000    

 *IF  iNum185  ( =   0.00000     )  GT  
      0  ( =   0.00000     )  THEN    

 *ENDIF

 SELECT      COMPONENT ELECTROELASTIC BODY21                                                                                                                                                                                                                                           

 SELECT      ONLY ELEMENTS COMPLETELY CONTAINED WITHIN NODE SET.

       1794 ELEMENTS (OF      11457  DEFINED) SELECTED FROM
     5666 SELECTED NODES BY  ESLN COMMAND.

 RESELECT     FOR ITEM=ENAM COMPONENT=    
  IN RANGE       186 TO        186 STEP          1

        686  ELEMENTS (OF      11457  DEFINED) SELECTED BY  ESEL  COMMAND.

 *GET  INUM186   FROM  ELEM  ITEM=COUN           VALUE=  686.000000    

 *IF  iNum186  ( =   686.000     )  GT  
      0  ( =   0.00000     )  THEN    

 PARAMETER _ICURRENTELEM =     0.000000000    

 *DO LOOP ON PARAMETER= AR30 FROM  1.0000     TO  686.00     BY  1.0000    

 PARAMETER _ICURRENTELEM =     3918.000000    

 MODIFY ELEMENT      3918 (IF SELECTED) TO HAVE  ESYS =     13
     ELEM    MAT   TYP   REL   SEC   ESYS         NODES
    3918   2   2      2      2   13    9849  9873  9875  9877  9861  9874  9876  9900
                                      13729 13788 13791 13730 13764 13789 13792 13765
                                      13728 13787 13790 13794

 *GET  _ICURRENTETYP  FROM  ELEM      3918  ITEM=ATTR TYPE      VALUE=  2.00000000    

 ELEMENT TYPE          2 IS SOLID226     3-D 20-NODE STRU-ELECT SOLID
  KEYOPT( 1- 6)=     1001      0      0        1      0      0
  KEYOPT( 7-12)=        0      0      0        0      0      0
  KEYOPT(13-18)=        0      0      0        0      0      0

 CURRENT NODAL DOF SET IS  UX    UY    UZ    VOLT
  THREE-DIMENSIONAL MODEL

 ELEMENT TYPE       2 IS SOLID226     3-D 20-NODE STRU-ELECT SOLID
  KEYOPT( 1- 6)=     1001      0      0        1      0      0
  KEYOPT( 7-12)=        0      0      0        0      0      0
  KEYOPT(13-18)=        0      0      0        0      0      0

 CURRENT NODAL DOF SET IS  UX    UY    UZ    VOLT
  THREE-DIMENSIONAL MODEL

 *GET  _ICURRENTMAT  FROM  ELEM      3918  ITEM=ATTR MAT       VALUE=  2.00000000    

 DELETE PROPERTY  RSVX  FROM MATERIAL          2 TO          2 BY          1

 DELETE PROPERTY  RSVY  FROM MATERIAL          2 TO          2 BY          1

 DELETE PROPERTY  RSVZ  FROM MATERIAL          2 TO          2 BY          1

 DEFINE DATA TABLE  DPER  FOR MATERIAL     2

 DATA FOR  DPER  TABLE FOR MATERIAL   2
 LOC=  1  1.0000      1.0000      1.0000      0.0000      0.0000      0.0000    

 *ENDDO  INDEX= AR30                            

 *ENDIF

 SELECT      COMPONENT ELECTROELASTIC BODY21                                                                                                                                                                                                                                           

 SELECT      ONLY ELEMENTS COMPLETELY CONTAINED WITHIN NODE SET.

       1794 ELEMENTS (OF      11457  DEFINED) SELECTED FROM
     5666 SELECTED NODES BY  ESLN COMMAND.

 RESELECT     FOR ITEM=ENAM COMPONENT=    
  IN RANGE       187 TO        187 STEP          1

          0  ELEMENTS (OF      11457  DEFINED) SELECTED BY  ESEL  COMMAND.

 *GET  INUM187   FROM  ELEM  ITEM=COUN           VALUE=  0.00000000    

 *IF  iNum187  ( =   0.00000     )  GT  
      0  ( =   0.00000     )  THEN    

 *ENDIF

 SELECT      COMPONENT ELECTROELASTIC BODY21                                                                                                                                                                                                                                           

 SELECT      ONLY ELEMENTS COMPLETELY CONTAINED WITHIN NODE SET.

       1794 ELEMENTS (OF      11457  DEFINED) SELECTED FROM
     5666 SELECTED NODES BY  ESLN COMMAND.

 RESELECT     FOR ITEM=ENAM COMPONENT=    
  IN RANGE       182 TO        182 STEP          1

          0  ELEMENTS (OF      11457  DEFINED) SELECTED BY  ESEL  COMMAND.

 *GET  INUM182   FROM  ELEM  ITEM=COUN           VALUE=  0.00000000    

 *IF  iNum182  ( =   0.00000     )  GT  
      0  ( =   0.00000     )  THEN    

 *ENDIF

 SELECT      COMPONENT ELECTROELASTIC BODY21                                                                                                                                                                                                                                           

 SELECT      ONLY ELEMENTS COMPLETELY CONTAINED WITHIN NODE SET.

       1794 ELEMENTS (OF      11457  DEFINED) SELECTED FROM
     5666 SELECTED NODES BY  ESLN COMMAND.

 RESELECT     FOR ITEM=ENAM COMPONENT=    
  IN RANGE       183 TO        183 STEP          1

          0  ELEMENTS (OF      11457  DEFINED) SELECTED BY  ESEL  COMMAND.

 *GET  INUM183   FROM  ELEM  ITEM=COUN           VALUE=  0.00000000    

 *IF  iNum183  ( =   0.00000     )  GT  
      0  ( =   0.00000     )  THEN    

 *ENDIF

 EM UNITS = USER  EPZERO= 0.88540E-11


 ***** ROUTINE COMPLETED *****  CP =         3.016



 *****  MAPDL SOLUTION ROUTINE  *****

 SELECT ALL ENTITIES OF TYPE= ALL  AND BELOW

 WRITE FGRA ITEMS TO THE DATABASE WITH A FREQUENCY OF ALL 
   FOR ALL APPLICABLE ENTITIES
  
 ***********  Voltage41 ***********
  
 CMBLOCK read of NODE component VOLTAGE41                                                                                                                                                                                                                                                         completed

 SELECT      COMPONENT VOLTAGE41                                                                                                                                                                                                                                                       

 *GET  _NUMMIN   FROM  NODE  ITEM=NUM  MIN   VALUE=  13915.0000     

 PARAMETER _ISCP =     0.000000000    

 *** WARNING ***                         CP =       3.031   TIME= 16:01:30
 The data for *GET entity NODE item CPS and NODE= 13915 is not defined.  
                                                                         
  The *GET command is ignored.                                           

 *IF  _isCP  ( =   0.00000     )  EQ  
      0  ( =   0.00000     )  THEN    

 COUPLED SET =          1  DIRECTION= VOLT  TOTAL NODES=     2640
 MAXIMUM COUPLED SET NUMBER =          1

 *ENDIF

 SPECIFIED CONSTRAINT VOLT FOR SELECTED NODES        13915 TO       13915 BY           1
 REAL=  0.00000000       IMAG=  0.00000000    

 SELECT ALL ENTITIES OF TYPE= ALL  AND BELOW
  
 ***********  Voltage 261 ***********
  
 CMBLOCK read of NODE component VOLTAGE61                                                                                                                                                                                                                                                         completed

 SELECT      COMPONENT VOLTAGE61                                                                                                                                                                                                                                                       

 *GET  _NUMMIN   FROM  NODE  ITEM=NUM  MIN   VALUE=  8269.00000     

 PARAMETER _ISCP =     0.000000000    

 *** WARNING ***                         CP =       3.031   TIME= 16:01:30
 The data for *GET entity NODE item CPS and NODE= 8269 is not defined.   
  The *GET command is ignored.                                           

 *IF  _isCP  ( =   0.00000     )  EQ  
      0  ( =   0.00000     )  THEN    

 COUPLED SET =          2  DIRECTION= VOLT  TOTAL NODES=     1502
 MAXIMUM COUPLED SET NUMBER =          2

 *ENDIF

 SPECIFIED CONSTRAINT VOLT FOR SELECTED NODES         8269 TO        8269 BY           1
 REAL=  150.000000       IMAG=  0.00000000    

 SELECT ALL ENTITIES OF TYPE= ALL  AND BELOW

 *GET  ANSINTER_  FROM  ACTI  ITEM=INT        VALUE=  0.00000000    

 *IF  ANSINTER_  ( =   0.00000     )  NE  
      0  ( =   0.00000     )  THEN    

 *ENDIF

 *** NOTE ***                            CP =       3.031   TIME= 16:01:30
 The automatic domain decomposition logic has selected the MESH domain   
 decomposition method with 4 processes per solution.                     

 *****  MAPDL SOLVE    COMMAND  *****

 *** WARNING ***                         CP =       3.172   TIME= 16:01:30
 Element shape checking is currently inactive.  Issue SHPP,ON or         
 SHPP,WARN to reactivate, if desired.                                    

 *** NOTE ***                            CP =       3.234   TIME= 16:01:30
 The model data was checked and warning messages were found.             
  Please review output or errors file ( D:\university\Mechatronics       
 Applications and Recent Directions\project\mahmoud                      
 project\_ProjectScratch\ScrE9CB\file0.err ) for these warning           
 messages.                                                               

 *** SELECTION OF ELEMENT TECHNOLOGIES FOR APPLICABLE ELEMENTS ***
      --- GIVE SUGGESTIONS AND RESET THE KEY OPTIONS ---

 ELEMENT TYPE         1 IS SOLID187. IT IS NOT ASSOCIATED WITH FULLY INCOMPRESSIBLE
 HYPERELASTIC MATERIALS. NO SUGGESTION IS AVAILABLE AND NO RESETTING IS NEEDED.



 *** MAPDL - ENGINEERING ANALYSIS SYSTEM  RELEASE 2025 R2          25.2     ***
 Ansys Mechanical Enterprise Academic Student      
 01055371  VERSION=WINDOWS x64   16:01:30  DEC 26, 2025 CP=      3.234

 project--Static Structural (A5)                                               



                       S O L U T I O N   O P T I O N S

   PROBLEM DIMENSIONALITY. . . . . . . . . . . . .3-D                  
   DEGREES OF FREEDOM. . . . . . UX   UY   UZ   VOLT
   ANALYSIS TYPE . . . . . . . . . . . . . . . . .STATIC (STEADY-STATE)
   OFFSET TEMPERATURE FROM ABSOLUTE ZERO . . . . .  273.15    
   EQUATION SOLVER OPTION. . . . . . . . . . . . .SPARSE             
   NEWTON-RAPHSON OPTION . . . . . . . . . . . . .PROGRAM CHOSEN   
   GLOBALLY ASSEMBLED MATRIX . . . . . . . . . . .SYMMETRIC  

 *** NOTE ***                            CP =       3.266   TIME= 16:01:30
 The structural-electrostatic analysis with KEYOPT(1) = 1001 of element  
 SOLID226 will be nonlinear electroelastic (electrostatic force          
 coupling).  The analysis must have at least two iterations to achieve   
 a coupled-field solution.                                               

 *** NOTE ***                            CP =       3.266   TIME= 16:01:30
 The structural-electrostatic analysis with KEYOPT(1) = 1001 of element  
 SOLID227 will be nonlinear electroelastic (electrostatic force          
 coupling).  The analysis must have at least two iterations to achieve   
 a coupled-field solution.                                               

 *** NOTE ***                            CP =       3.266   TIME= 16:01:30
 This nonlinear analysis defaults to using the full Newton-Raphson       
 solution procedure.  This can be modified using the NROPT command.      

 *** NOTE ***                            CP =       3.266   TIME= 16:01:30
 The conditions for direct assembly have been met.  No .emat or .erot    
 files will be produced.                                                 

 *** WARNING ***                         CP =       3.391   TIME= 16:01:30
 Contact element 17020 is missing DOF VOLT (and possibly others) of      
 underlying base element 4571.  Similar mismatches may exist elsewhere,  
 but checking for this is discontinued.                                  

 *** NOTE ***                            CP =       3.422   TIME= 16:01:30
 Symmetric Deformable- deformable contact pair identified by real        
 constant set 4 and contact element type 4 has been set up.  The         
 companion pair has real constant set ID 5.  Both pairs should have the  
 same behavior.                                                          
 MAPDL will deactivate the current pair and keep its companion pair,     
 resulting in asymmetric contact.                                        
 Small sliding logic is assumed
 Contact algorithm: Augmented Lagrange method
 Contact detection at: Gauss integration point
 Contact stiffness factor FKN                  10.000    
 The resulting initial contact stiffness      0.84500E+14
 Default penetration tolerance factor FTOLN   0.10000    
 The resulting penetration tolerance          0.40000E-07
 Default opening contact stiffness OPSF will be used.
 Default tangent stiffness factor FKT          1.0000    
 Default elastic slip factor SLTOL            0.50000E-02
 The resulting elastic slip tolerance         0.49777E-08
 Update contact stiffness at each iteration
 Default Max. friction stress TAUMAX          0.10000E+21
 Average contact surface length               0.99554E-06
 Average contact pair depth                   0.40000E-06
 Average target surface length                0.48243E-06
 Default pinball region factor PINB           0.25000    
 The resulting pinball region                 0.10000E-06
 Initial penetration/gap is excluded.
 Bonded contact (always) is defined.

 *** NOTE ***                            CP =       3.422   TIME= 16:01:30
 Max.  Initial penetration 9.622977331E-14 was detected between contact  
 element 16991 and target element 17128.                                 
 ****************************************
  

 *** NOTE ***                            CP =       3.422   TIME= 16:01:30
 Symmetric Deformable- deformable contact pair identified by real        
 constant set 5 and contact element type 4 has been set up.  The         
 companion pair has real constant set ID 4.  Both pairs should have the  
 same behavior.                                                          
 MAPDL will keep the current pair and deactivate its companion pair,     
 resulting in asymmetric contact.                                        
 Small sliding logic is assumed
 Contact algorithm: Augmented Lagrange method
 Contact detection at: Gauss integration point
 Contact stiffness factor FKN                  10.000    
 The resulting initial contact stiffness      0.84500E+14
 Default penetration tolerance factor FTOLN   0.10000    
 The resulting penetration tolerance          0.72435E-07
 Default opening contact stiffness OPSF will be used.
 Default tangent stiffness factor FKT          1.0000    
 Default elastic slip factor SLTOL            0.50000E-02
 The resulting elastic slip tolerance         0.24573E-08
 Update contact stiffness at each iteration
 Default Max. friction stress TAUMAX          0.10000E+21
 Average contact surface length               0.49145E-06
 Average contact pair depth                   0.72435E-06
 Average target surface length                0.97229E-06
 Default pinball region factor PINB           0.25000    
 The resulting pinball region                 0.18109E-06
 Initial penetration/gap is excluded.
 Bonded contact (always) is defined.

 *** NOTE ***                            CP =       3.422   TIME= 16:01:30
 Max.  Initial penetration 9.868527439E-14 was detected between contact  
 element 17054 and target element 16937.                                 
 ****************************************
  

 *** NOTE ***                            CP =       3.422   TIME= 16:01:30
 Symmetric Deformable- deformable contact pair identified by real        
 constant set 6 and contact element type 6 has been set up.  The         
 companion pair has real constant set ID 7.  Both pairs should have the  
 same behavior.                                                          
 MAPDL will deactivate the current pair and keep its companion pair,     
 resulting in asymmetric contact.                                        
 Small sliding logic is assumed
 Contact algorithm: Augmented Lagrange method
 Contact detection at: Gauss integration point
 Contact stiffness factor FKN                  10.000    
 The resulting initial contact stiffness      0.69333E+18
 Default penetration tolerance factor FTOLN   0.10000    
 The resulting penetration tolerance          0.40000E-07
 Default opening contact stiffness OPSF will be used.
 Default tangent stiffness factor FKT          1.0000    
 Default elastic slip factor SLTOL            0.50000E-02
 The resulting elastic slip tolerance         0.27726E-08
 Update contact stiffness at each iteration
 Default Max. friction stress TAUMAX          0.10000E+21
 Average contact surface length               0.55453E-06
 Average contact pair depth                   0.40000E-06
 Average target surface length                0.93177E-06
 Default pinball region factor PINB           0.25000    
 The resulting pinball region                 0.10000E-06
 Initial penetration/gap is excluded.
 Bonded contact (always) is defined.

 *** NOTE ***                            CP =       3.422   TIME= 16:01:30
 No contact was detected for this contact pair.                          
 ****************************************
  

 *** NOTE ***                            CP =       3.422   TIME= 16:01:30
 Symmetric Deformable- deformable contact pair identified by real        
 constant set 7 and contact element type 6 has been set up.  The         
 companion pair has real constant set ID 6.  Both pairs should have the  
 same behavior.                                                          
 MAPDL will keep the current pair and deactivate its companion pair,     
 resulting in asymmetric contact.                                        
 Small sliding logic is assumed
 Contact algorithm: Augmented Lagrange method
 Contact detection at: Gauss integration point
 Contact stiffness factor FKN                  10.000    
 The resulting initial contact stiffness      0.69333E+18
 Default penetration tolerance factor FTOLN   0.10000    
 The resulting penetration tolerance          0.39520E-07
 Default opening contact stiffness OPSF will be used.
 Default tangent stiffness factor FKT          1.0000    
 Default elastic slip factor SLTOL            0.50000E-02
 The resulting elastic slip tolerance         0.47655E-08
 Update contact stiffness at each iteration
 Default Max. friction stress TAUMAX          0.10000E+21
 Average contact surface length               0.95311E-06
 Average contact pair depth                   0.39520E-06
 Average target surface length                0.59641E-06
 Default pinball region factor PINB           0.25000    
 The resulting pinball region                 0.98799E-07
 Initial penetration/gap is excluded.
 Bonded contact (always) is defined.

 *** NOTE ***                            CP =       3.422   TIME= 16:01:30
 No contact was detected for this contact pair.                          
 ****************************************
  

 *** WARNING ***                         CP =       3.422   TIME= 16:01:30
 Maximum contact stiffness 6.933262946E+17 is too big which can cause an 
 accuracy problem, you may scale the force units in the model.           

 *** WARNING ***                         CP =       3.422   TIME= 16:01:30
 Minimum contact depth 3.951963197E-07 is too small which can cause an   
 accuracy problem, you may scale the length units in the model.          
  
  

  
  
     D I S T R I B U T E D   D O M A I N   D E C O M P O S E R
  
  ...Number of elements: 11457
  ...Number of nodes:    24033
  ...Decompose to 4 CPU domains
  ...Element load balance ratio =     1.932


                      L O A D   S T E P   O P T I O N S

   LOAD STEP NUMBER. . . . . . . . . . . . . . . .     1
   TIME AT END OF THE LOAD STEP. . . . . . . . . .  1.0000    
   AUTOMATIC TIME STEPPING . . . . . . . . . . . .    ON
      INITIAL NUMBER OF SUBSTEPS . . . . . . . . .     1
      MAXIMUM NUMBER OF SUBSTEPS . . . . . . . . .     1
      MINIMUM NUMBER OF SUBSTEPS . . . . . . . . .     1
   MAXIMUM NUMBER OF EQUILIBRIUM ITERATIONS. . . .    15
   STEP CHANGE BOUNDARY CONDITIONS . . . . . . . .    NO
   TERMINATE ANALYSIS IF NOT CONVERGED . . . . . .YES (EXIT)  
   CONVERGENCE CONTROLS. . . . . . . . . . . . . .USE DEFAULTS
   PRINT OUTPUT CONTROLS . . . . . . . . . . . . .NO PRINTOUT
   DATABASE OUTPUT CONTROLS
      ITEM     FREQUENCY   COMPONENT
       ALL       NONE               
      NSOL        ALL               
      RSOL        ALL               
      EANG        ALL               
      ETMP        ALL               
      VENG        ALL               
      STRS        ALL               
      EPEL        ALL               
      EPPL        ALL               
      CONT        ALL               
      FGRA        ALL               


 SOLUTION MONITORING INFO IS WRITTEN TO FILE= file.mntr                                                                                                                                                                                                                                                           
 MAXIMUM NUMBER OF EQUILIBRIUM ITERATIONS HAS BEEN MODIFIED              
  TO BE, NEQIT = 25, BY SOLUTION CONTROL LOGIC.                          



                         ***********  PRECISE MASS SUMMARY  ***********

   TOTAL RIGID BODY MASS MATRIX ABOUT ORIGIN
               Translational mass               |   Coupled translational/rotational mass
        0.81546E-12    0.0000        0.0000     |     0.0000       0.40773E-18  -0.78236E-15
         0.0000       0.81546E-12    0.0000     |   -0.40773E-18    0.0000      -0.26616E-14
         0.0000        0.0000       0.81546E-12 |    0.78236E-15   0.26616E-14    0.0000    
     ------------------------------------------ | ------------------------------------------
                                                |         Rotational mass (inertia)
                                                |    0.75062E-18   0.25536E-17   0.13308E-20
                                                |    0.25536E-17   0.86873E-17  -0.39118E-21
                                                |    0.13308E-20  -0.39118E-21   0.94379E-17

   TOTAL MASS = 0.81546E-12
     The mass principal axes coincide with the global Cartesian axes

   CENTER OF MASS (X,Y,Z)=  -0.32639E-02   0.95941E-03   0.50000E-06

   TOTAL INERTIA ABOUT CENTER OF MASS
        0.10410E-22  -0.24933E-27  -0.37616E-36
       -0.24933E-27   0.21121E-22  -0.42318E-36
       -0.37616E-36  -0.42318E-36   0.31395E-22
     The inertia principal axes coincide with the global Cartesian axes


  *** MASS SUMMARY BY ELEMENT TYPE ***

  TYPE      MASS
     2  0.815458E-12

 Range of element maximum matrix coefficients in global coordinates
 Maximum = 204095.261 at element 4352.                                   
 Minimum = 2.600865085E-05 at element 7639.                              

 *** WARNING ***                         CP =       5.359   TIME= 16:01:32
 Coefficient ratio exceeds 1.0e8 - Check results.                        

   *** ELEMENT MATRIX FORMULATION TIMES
     TYPE    NUMBER   ENAME      TOTAL CP  AVE CP

        1      3917  SOLID187      0.375   0.000096
        2       686  SOLID226      0.656   0.000957
        3      4618  SOLID227      1.125   0.000244
        4       128  CONTA174      0.031   0.000244
        5       128  TARGE170      0.000   0.000000
        6       990  CONTA174      0.062   0.000063
        7       990  TARGE170      0.000   0.000000
 Time at end of element matrix formulation CP = 5.359375.                
     FORCE CONVERGENCE VALUE  =  0.6266E-19  CRITERION=  0.5000E-04
     CHARGE CONVERGENCE VALUE =  0.4181E-13  CRITERION=  0.5000E-14

 DISTRIBUTED SPARSE MATRIX DIRECT SOLVER.
  Number of equations =       77505,    Maximum wavefront =    272


  Memory allocated on only this MPI rank (rank     0)
  -------------------------------------------------------------------
  Equation solver memory allocated                     =    58.428 MB
  Equation solver memory required for in-core mode     =    55.974 MB
  Equation solver memory required for out-of-core mode =    29.003 MB
  Total (solver and non-solver) memory allocated       =   561.951 MB


  Total memory summed across all MPI ranks on this machines
  -------------------------------------------------------------------
  Equation solver memory allocated                     =   271.891 MB
  Equation solver memory required for in-core mode     =   262.102 MB
  Equation solver memory required for out-of-core mode =   178.360 MB
  Total (solver and non-solver) memory allocated       =  1491.832 MB

 *** NOTE ***                            CP =       5.750   TIME= 16:01:33
 The Distributed Sparse Matrix Solver is currently running in the        
 in-core memory mode.  This memory mode uses the most amount of memory   
 in order to avoid using the hard drive as much as possible, which most  
 often results in the fastest solution time.  This mode is recommended   
 if enough physical memory is present to accommodate all of the solver   
 data.                                                                   
 curEqn=  18246  totEqn=  18246 Job CP sec=      6.094
      Factor Done= 100% Factor Wall sec=      0.172 rate=       6.0 GFlops
 Distributed sparse solver maximum pivot= 592176.784 at node 10260 UX.   
 Distributed sparse solver minimum pivot= -0.562465196 at node 22040     
 VOLT.                                                                   
 Distributed sparse solver minimum pivot in absolute value=              
 8.785422646E-09 at node 16512 UX.                                       
     DISP CONVERGENCE VALUE   =  0.3645E-19  CRITERION=  0.5000E-13 <<< CONVERGED
    EQUIL ITER   1 COMPLETED.  NEW TRIANG MATRIX.  MAX DOF INC=   150.0    
     DISP CONVERGENCE VALUE   =  0.3645E-19  CRITERION=  0.3967E-11 <<< CONVERGED
      The calculated reference DISP CONVERGENCE VALUE   =  0.1000E-11
       is less than MINREF (which can be modified on the CNVTOL command).
     LINE SEARCH PARAMETER =   1.000     SCALED MAX DOF INC =   150.0    
     FORCE CONVERGENCE VALUE  =  0.7544E-20  CRITERION=  0.5000E-04 <<< CONVERGED
     CHARGE CONVERGENCE VALUE =  0.3396E-28  CRITERION=  0.5000E-14 <<< CONVERGED
    >>> SOLUTION CONVERGED AFTER EQUILIBRIUM ITERATION   1

   *** ELEMENT RESULT CALCULATION TIMES
     TYPE    NUMBER   ENAME      TOTAL CP  AVE CP

        1      3917  SOLID187      0.312   0.000080
        2       686  SOLID226      0.531   0.000774
        3      4618  SOLID227      1.109   0.000240
        4       128  CONTA174      0.016   0.000122
        6       990  CONTA174      0.031   0.000032

   *** NODAL LOAD CALCULATION TIMES
     TYPE    NUMBER   ENAME      TOTAL CP  AVE CP

        1      3917  SOLID187      0.094   0.000024
        2       686  SOLID226      0.016   0.000023
        3      4618  SOLID227      0.031   0.000007
        4       128  CONTA174      0.000   0.000000
        6       990  CONTA174      0.000   0.000000
 *** LOAD STEP     1   SUBSTEP     1  COMPLETED.    CUM ITER =      1
 *** TIME =   1.00000         TIME INC =   1.00000    


 *** MAPDL BINARY FILE STATISTICS
  BUFFER SIZE USED= 16384
        6.812 MB WRITTEN ON ELEMENT SAVED DATA FILE: file0.esav
        4.938 MB WRITTEN ON ASSEMBLED MATRIX FILE: file0.full
        1.750 MB WRITTEN ON RESULTS FILE: file0.rst
 *************** Write FE CONNECTORS *********

 WRITE OUT CONSTRAINT EQUATIONS TO FILE= file.ce                                                                                                                                                                                                                                                             
 ****************************************************
 *************** FINISHED SOLVE FOR LS 1 *************

 *GET  _WALLASOL  FROM  ACTI  ITEM=TIME WALL  VALUE=  16.0269444    

 PRINTOUT RESUMED BY /GOP

 FINISH SOLUTION PROCESSING


 ***** ROUTINE COMPLETED *****  CP =        10.250



 *** MAPDL - ENGINEERING ANALYSIS SYSTEM  RELEASE 2025 R2          25.2     ***
 Ansys Mechanical Enterprise Academic Student      
 01055371  VERSION=WINDOWS x64   16:01:38  DEC 26, 2025 CP=     10.250

 project--Static Structural (A5)                                               



          ***** MAPDL RESULTS INTERPRETATION (POST1) *****

 *** NOTE ***                            CP =      10.250   TIME= 16:01:38
 Reading results into the database (SET command) will update the current 
 displacement and force boundary conditions in the database with the     
 values from the results file for that load set.  Note that any          
 subsequent solutions will use these values unless action is taken to    
 either SAVE the current values or not overwrite them (/EXIT,NOSAVE).    

 Set Encoding of XML File to:ISO-8859-1

 Set Output of XML File to:
     PARM,     ,     ,     ,     ,     ,     ,     ,     ,     ,     ,     ,
         ,     ,     ,     ,     ,     ,     ,

 DATABASE WRITTEN ON FILE  parm.xml                                                                                                                                                                                                                                                            

 EXIT THE MAPDL POST1 DATABASE PROCESSOR


 ***** ROUTINE COMPLETED *****  CP =        10.250



 PRINTOUT RESUMED BY /GOP

 *GET  _WALLDONE  FROM  ACTI  ITEM=TIME WALL  VALUE=  16.0272222    

 PARAMETER _PREPTIME =     0.000000000    

 PARAMETER _SOLVTIME =     10.00000000    

 PARAMETER _POSTTIME =     1.000000000    

 PARAMETER _TOTALTIM =     11.00000000    

 *GET  _DLBRATIO  FROM  ACTI  ITEM=SOLU DLBR  VALUE=  1.93223583    

 *GET  _COMBTIME  FROM  ACTI  ITEM=SOLU COMB  VALUE= 0.851741000E-01

 *GET  _SSMODE   FROM  ACTI  ITEM=SOLU SSMM  VALUE=  2.00000000    

 *GET  _NDOFS    FROM  ACTI  ITEM=SOLU NDOF  VALUE=  77505.0000    

 *GET  _SOL_END_TIME  FROM  ACTI  ITEM=SET  TIME  VALUE=  1.00000000    

 *IF  _sol_end_time  ( =   1.00000     )  EQ  
      1.000000  ( =   1.00000     )  THEN    

 /FCLEAN COMMAND REMOVING ALL LOCAL FILES

 *ENDIF
 --- Total number of nodes = 24033
 --- Total number of elements = 11457
 --- Element load balance ratio = 1.93223583
 --- Time to combine distributed files = 8.51741E-02
 --- Sparse memory mode = 2
 --- Number of DOF = 77505

 EXIT MAPDL WITHOUT SAVING DATABASE


 NUMBER OF WARNING MESSAGES ENCOUNTERED=          7
 NUMBER OF ERROR   MESSAGES ENCOUNTERED=          0

+--------------------- M A P D L   S T A T I S T I C S ------------------------+

Release: 2025 R2            Build: 25.2       Update: UP20250519   Platform: WINDOWS x64 
Date Run: 12/26/2025   Time: 16:01     Process ID: 27788
Operating System: Windows 11  (Build: 26200)

Processor Model: 12th Gen Intel(R) Core(TM) i5-1240P

Compiler: Intel(R) Fortran Compiler Classic Version 2021.9  (Build: 20230302)
          Intel(R) C/C++ Compiler Classic Version 2021.9  (Build: 20230302)
          Intel(R) oneAPI Math Kernel Library Version 2024.2.3-Product Build 20250403

Number of machines requested            :    1
Total number of cores available         :   16
Number of physical cores available      :   12
Number of processes requested           :    4
Number of threads per process requested :    1
Total number of cores requested         :    4 (Distributed Memory Parallel)               
MPI Type: INTELMPI
MPI Version: Intel(R) MPI Library 2021.14 for Windows* OS


GPU Acceleration: Not Requested

Job Name: file0
Input File: dummy.dat

  Core                Machine Name   Working Directory
 -----------------------------------------------------
     0             DESKTOP-KRRN26E   D:\university\Mechatronics Applications and Recent Directions\project\mahmoud project\_ProjectScratch\ScrE9CB
     1             DESKTOP-KRRN26E   D:\university\Mechatronics Applications and Recent Directions\project\mahmoud project\_ProjectScratch\ScrE9CB
     2             DESKTOP-KRRN26E   D:\university\Mechatronics Applications and Recent Directions\project\mahmoud project\_ProjectScratch\ScrE9CB
     3             DESKTOP-KRRN26E   D:\university\Mechatronics Applications and Recent Directions\project\mahmoud project\_ProjectScratch\ScrE9CB
 
Latency time from master to core     1 =    4.866 microseconds
Latency time from master to core     2 =    4.665 microseconds
Latency time from master to core     3 =    4.856 microseconds
 
Communication speed from master to core     1 =  2453.11 MB/sec
Communication speed from master to core     2 =  3035.86 MB/sec
Communication speed from master to core     3 =  3877.42 MB/sec

Total CPU time for main thread                    :       10.8 seconds
Total CPU time summed for all threads             :       10.4 seconds

Elapsed time spent obtaining a license            :        0.6 seconds
Elapsed time spent pre-processing model (/PREP7)  :        2.7 seconds
Elapsed time spent solution - preprocessing       :        0.5 seconds
Elapsed time spent computing solution             :        6.7 seconds
Elapsed time spent solution - postprocessing      :        0.1 seconds
Elapsed time spent post-processing model (/POST1) :        0.0 seconds
 
Equation solver used                              :            Sparse (symmetric)
Equation solver computational rate                :       19.8 Gflops
Equation solver effective I/O rate                :       11.7 GB/sec

Sum of disk space used on all processes           :      104.4 MB

Sum of memory used on all processes               :      435.0 MB
Sum of memory allocated on all processes          :     3072.0 MB
Physical memory available                         :         24 GB
Total amount of I/O written to disk               :        0.2 GB
Total amount of I/O read from disk                :        0.3 GB

+------------------ E N D   M A P D L   S T A T I S T I C S -------------------+


 *-----------------------------------------------------------------------------*
 |                                                                             |
 |                               RUN COMPLETED                                 |
 |                                                                             |
 |-----------------------------------------------------------------------------|
 |                                                                             |
 |  Ansys MAPDL 2025 R2         Build 25.2         UP20250519    WINDOWS x64   |
 |                                                                             |
 |-----------------------------------------------------------------------------|
 |                                                                             |
 |  Database Requested(-db)     1024 MB     Scratch Memory Requested   1024 MB |
 |  Max Database Used(Master)     18 MB     Max Scratch Used(Master)     88 MB |
 |  Max Database Used(Workers)     1 MB     Max Scratch Used(Workers)   125 MB |
 |  Sum Database Used(All)        21 MB     Sum Scratch Used(All)       414 MB |
 |                                                                             |
 |-----------------------------------------------------------------------------|
 |                                                                             |
 |        CP Time      (sec) =         10.391       Time  =  16:01:49          |
 |        Elapsed Time (sec) =         28.000       Date  =  12/26/2025        |
 |                                                                             |
 *-----------------------------------------------------------------------------*
